6.512484434815645784e+01
5.660372496359622119e+01
2.884335296193112796e+01
2.637688413183868263e+01
7.751964007854697059e+01
3.314641931271193442e+01
3.141123084873116422e+00
5.413537011161095336e+01
6.776058761226244620e+00
1.369302178416818982e+01
4.319517053134103435e+01
5.309450747911795077e+01
3.590839204760361980e+01
2.808940415206577779e+00
6.692892646673200829e+00
6.251292482147119856e+00
4.520085040293551515e+01
4.731669384022445257e+01
5.059505203265003104e+01
4.750620072012848283e+01
2.336238069929336092e+01
5.768095118356426099e+01
1.655665486699797739e+01
3.943590182832794255e+01
4.556789923072228277e+01
5.481162055404793421e+01
1.898304499995210115e+00
6.014529271738734906e+01
5.432240693406377119e+01
2.695998976933746683e+00
4.327705372880991064e+01
2.747836938413684393e+01
3.455819229025344441e+01
5.170937044451063969e+01
2.227958069182648160e+00
3.928238263071717995e+01
2.158176207926478796e+01
4.074983020705625592e+01
8.809957944918036787e+01
5.138648527079303818e+01
8.398741200877110202e+01
2.381111491548288583e+01
5.053996235347694466e+01
4.006092578729937514e+01
8.607551619686493893e+01
5.856140751561779467e+01
8.262198784146116282e+01
6.854665345020555378e+01
8.866791322969979205e+01
6.030270885074921949e+01
6.193617137686316454e+01
5.506214731274314289e+01
2.841200333993254645e+01
7.992727881616558250e+01
3.286802464184166439e+01
3.258144304974939587e+01
7.052996502115421151e+01
8.852075325998143285e+01
8.821679990033456420e+01
1.049329882495491262e+01
5.737130824749711167e+01
7.063180069211742307e+01
3.894674541006531143e+01
6.780450524772689391e+01
5.627943319462803373e+01
8.033558431364173202e+01
6.135062656793719071e+01
1.375048719029377331e+01
6.127811985546891549e+01
3.885674329132004345e+01
2.561007718679253031e+00
4.664507781919490981e+01
1.239022744687368416e+01
4.825296089848096415e+01
5.578547762416791755e+01
3.562653996927917888e+01
5.377911588230512407e+00
4.707698597860994738e+01
3.406399877153562983e+01
8.206482412384721670e+01
4.589626778824842290e+01
2.443466375291154336e+01
2.671276263840935528e+01
3.520964123959181080e+01
7.131830370503392658e+01
4.579781620924229202e+01
4.101403949770222823e+01
4.232018260228979045e+01
4.475997854083335170e+01
1.645610892441245099e+01
7.029892286256129807e+01
4.430146650744087822e+01
7.905040376295703197e+01
9.702974660911040772e+00
1.503664830865916713e+01
2.363248694580664377e+01
7.638447465197324426e+00
1.529025759791878869e+01
2.955800851773908633e+01
7.572004181907340126e+01
