7.047795947231567482e+01
-1.159908246053415724e+02
-3.747859694514507822e+01
7.301320649164260601e+01
-1.129892217765805924e+02
-1.286606153572120945e+02
9.373724867377415393e+00
-1.199636018552380534e+02
-8.115075072299401882e+01
-4.334066790088751020e+01
1.066921095149435104e+02
-1.579672302988560091e+02
-1.886706705855113242e+01
-8.066332865204412883e+01
1.286579190650396072e+02
1.453612058214646368e+02
-8.502787662441113525e+01
-1.586178061033938036e+02
-1.597027211844226144e+02
-1.178529488265064629e+01
5.789631385966784904e+01
-1.723555905902773304e+02
-1.016908465213376758e+02
-6.222663987278217945e+01
-1.489915907703043274e+01
-1.376702538075924451e+02
-1.335964444790382402e+02
1.223060887342666234e+02
2.750957899534878592e+01
-1.097029218827326815e+02
-1.089963766949068997e+02
1.455673590691577317e+02
-1.095188956677586418e+02
-1.758229275036418571e+01
3.451808280411799501e+01
2.205292850813376226e+00
-8.001866477879460149e+01
-5.758309018101507348e+01
1.418428745339312798e+02
5.527588109969697427e+01
6.020226710151013805e+01
1.019035331822187800e+02
1.246999814372773443e+02
1.751257676069155877e+02
3.591760316109671436e+01
1.005733372137990855e+01
1.760101835388494464e+02
-3.114711981751096559e+01
1.638534703262010339e+02
1.094006772074269236e+02
-4.387806739908435816e+01
-4.287947468757062097e+01
-1.415183357119383345e+02
-9.612655813219079448e+01
-6.773513305534851270e+01
1.672381064842059288e+02
-1.067461406870040435e+02
6.128671464701562144e+01
-2.260894757058686366e+01
7.420462574232890063e+01
-4.818213050926821239e+01
1.264669793106026248e+02
-1.989930027941116464e+01
-1.468078546209636102e+02
-1.687364852748274018e+02
-1.009793431812260991e+02
-1.094466763648877929e+02
9.439959086627195006e+01
1.708783427722403871e+02
1.598265476766033544e+02
-2.610047438841287715e+01
-1.322599719308829336e+01
1.459072015826446034e+02
-6.841408411374408161e+01
2.273565695812168386e+01
-1.651171703562805533e+02
8.204792483278988868e+01
-1.505262117111208795e+02
1.193623491139309181e+02
2.213499443979159409e+01
-8.076085973395197470e+01
9.700540151737355643e+01
6.945745120137209483e+01
1.080140703756163560e+02
-1.328199911317879014e+02
-2.314715798750020426e+01
4.828033573528731637e+00
-2.265189382369688786e+01
-3.108983739033446625e+01
1.786014630628533837e+02
1.635584825318428841e+02
1.649882391944322251e+02
4.552768255670733311e+01
1.203299021432997939e+01
-3.228930039514506234e+01
2.313355922173366963e+01
1.506948813117411134e+02
-1.125621728386945648e+02
-4.614146830886640771e+01
8.196690485081495581e+01
